{"numFailedTestSuites":2,"numFailedTests":1,"numPassedTestSuites":2,"numPassedTests":4,"numPendingTestSuites":0,"numPendingTests":0,"numRuntimeErrorTestSuites":1,"numTodoTests":0,"numTotalTestSuites":4,"numTotalTests":5,"openHandles":[],"snapshot":{"added":0,"didUpdate":false,"failure":true,"filesAdded":0,"filesRemoved":0,"filesRemovedList":[],"filesUnmatched":1,"filesUpdated":0,"matched":1,"total":2,"unchecked":1,"uncheckedKeysByFile":[{"filePath":"/Users/marcin.wotjala/Workspace/Bitbucket/single-spa/react-monorepo-boilerplate/packages/Storyshots.test.js","keys":["Storyshots Boilerplate/Demo Default 1"]}],"unmatched":1,"updated":0},"startTime":1629549511337,"success":false,"testResults":[{"assertionResults":[],"coverage":{},"endTime":1629549517456,"message":"  \u001b[1m● \u001b[22mTest suite failed to run\n\n    Your test suite must contain at least one test.\n\n      \u001b[2mat onResult (\u001b[22mnode_modules/@jest/core/build/TestScheduler.js\u001b[2m:175:18)\u001b[22m\n      \u001b[2mat \u001b[22mnode_modules/@jest/core/build/TestScheduler.js\u001b[2m:316:17\u001b[22m\n      \u001b[2mat \u001b[22mnode_modules/emittery/index.js\u001b[2m:260:13\u001b[22m\n          at Array.map (<anonymous>)\n      \u001b[2mat Emittery.emit (\u001b[22mnode_modules/emittery/index.js\u001b[2m:258:23)\u001b[22m\n","name":"/Users/marcin.wotjala/Workspace/Bitbucket/single-spa/react-monorepo-boilerplate/packages/__snapshots__/Storyshots.test.js.snap","startTime":1629549517456,"status":"failed","summary":""},{"assertionResults":[{"ancestorTitles":["Demo"],"failureMessages":[],"fullName":"Demo should render some text","location":null,"status":"passed","title":"should render some text"}],"endTime":1629549514221,"message":"","name":"/Users/marcin.wotjala/Workspace/Bitbucket/single-spa/react-monorepo-boilerplate/packages/Demo/__tests__/demo.test.js","startTime":1629549512037,"status":"passed","summary":""},{"assertionResults":[{"ancestorTitles":["Button"],"failureMessages":[],"fullName":"Button should render an anchor","location":null,"status":"passed","title":"should render an anchor"},{"ancestorTitles":["Button"],"failureMessages":[],"fullName":"Button should style a primary button differently","location":null,"status":"passed","title":"should style a primary button differently"}],"endTime":1629549514238,"message":"","name":"/Users/marcin.wotjala/Workspace/Bitbucket/single-spa/react-monorepo-boilerplate/packages/Button/__tests__/button.test.js","startTime":1629549512037,"status":"passed","summary":""},{"assertionResults":[{"ancestorTitles":["Storyshots","Boilerplate/Button"],"failureMessages":["Error: Expected image to match or be a close match to snapshot but was 0.204375% different from snapshot (981 differing pixels).\n\u001b[1m\u001b[31mSee diff for details:\u001b[39m\u001b[22m \u001b[31mpackages/storyshots/snapshots/__diff_output__/storyshots-test-js-storyshots-boilerplate-button-default-1-diff.png\u001b[39m\n    at /Users/marcin.wotjala/Workspace/Bitbucket/single-spa/react-monorepo-boilerplate/node_modules/@storybook/addon-storyshots-puppeteer/dist/ts3.9/imageSnapshot.js:75:43\n    at step (/Users/marcin.wotjala/Workspace/Bitbucket/single-spa/react-monorepo-boilerplate/node_modules/@storybook/addon-storyshots-puppeteer/dist/ts3.9/imageSnapshot.js:44:23)\n    at Object.next (/Users/marcin.wotjala/Workspace/Bitbucket/single-spa/react-monorepo-boilerplate/node_modules/@storybook/addon-storyshots-puppeteer/dist/ts3.9/imageSnapshot.js:25:53)\n    at fulfilled (/Users/marcin.wotjala/Workspace/Bitbucket/single-spa/react-monorepo-boilerplate/node_modules/@storybook/addon-storyshots-puppeteer/dist/ts3.9/imageSnapshot.js:16:58)\n    at processTicksAndRejections (node:internal/process/task_queues:94:5)"],"fullName":"Storyshots Boilerplate/Button Default","location":null,"status":"failed","title":"Default"},{"ancestorTitles":["Storyshots","Boilerplate/Demo"],"failureMessages":[],"fullName":"Storyshots Boilerplate/Demo Default","location":null,"status":"passed","title":"Default"}],"endTime":1629549517377,"message":"\u001b[1m\u001b[31m  \u001b[1m● \u001b[22m\u001b[1mStoryshots › Boilerplate/Button › Default\u001b[39m\u001b[22m\n\n    Expected image to match or be a close match to snapshot but was 0.204375% different from snapshot (981 differing pixels).\n    \u001b[1m\u001b[31mSee diff for details:\u001b[39m\u001b[22m \u001b[31mpackages/storyshots/snapshots/__diff_output__/storyshots-test-js-storyshots-boilerplate-button-default-1-diff.png\u001b[39m\n\u001b[2m\u001b[22m\n\u001b[2m      \u001b[2mat \u001b[22m\u001b[2mnode_modules/@storybook/addon-storyshots-puppeteer/dist/ts3.9/imageSnapshot.js\u001b[2m:75:43\u001b[22m\u001b[2m\u001b[22m\n\u001b[2m      \u001b[2mat step (\u001b[22m\u001b[2mnode_modules/@storybook/addon-storyshots-puppeteer/dist/ts3.9/imageSnapshot.js\u001b[2m:44:23)\u001b[22m\u001b[2m\u001b[22m\n\u001b[2m      \u001b[2mat Object.next (\u001b[22m\u001b[2mnode_modules/@storybook/addon-storyshots-puppeteer/dist/ts3.9/imageSnapshot.js\u001b[2m:25:53)\u001b[22m\u001b[2m\u001b[22m\n\u001b[2m      \u001b[2mat fulfilled (\u001b[22m\u001b[2mnode_modules/@storybook/addon-storyshots-puppeteer/dist/ts3.9/imageSnapshot.js\u001b[2m:16:58)\u001b[22m\u001b[2m\u001b[22m\n","name":"/Users/marcin.wotjala/Workspace/Bitbucket/single-spa/react-monorepo-boilerplate/packages/Storyshots.test.js","startTime":1629549512037,"status":"failed","summary":""}],"wasInterrupted":false}